@!@!@STARTMSG 2262:0 @!@!@
TLC2 Version 2.16 of 31 December 2020 (rev: cdddf55)
@!@!@ENDMSG 2262 @!@!@
@!@!@STARTMSG 2187:0 @!@!@
Running breadth-first search Model-Checking with fp 100 and seed 5641947425095940523 with 8 workers on 16 cores with 1207MB heap and 2714MB offheap memory [pid: 5220] (Windows 10 10.0 amd64, AdoptOpenJDK 14.0.1 x86_64, OffHeapDiskFPSet, DiskStateQueue).
@!@!@ENDMSG 2187 @!@!@
@!@!@STARTMSG 2220:0 @!@!@
Starting SANY...
@!@!@ENDMSG 2220 @!@!@
Parsing file C:\Users\jonmc\Google Drive\University\Year 4 2020-21\KF6009 - Model Based Design and Verification\Labs\Lab Work\HanoiTower.toolbox\Model_1\MC.tla
Parsing file C:\Users\jonmc\Google Drive\University\Year 4 2020-21\KF6009 - Model Based Design and Verification\Labs\Lab Work\HanoiTower.toolbox\Model_1\HanoiTower.tla
Parsing file C:\Program Files\toolbox\plugins\org.lamport.tlatools_1.0.0.202012311918\tla2sany\StandardModules\TLC.tla
Parsing file C:\Program Files\toolbox\plugins\org.lamport.tlatools_1.0.0.202012311918\tla2sany\StandardModules\Naturals.tla
Parsing file C:\Program Files\toolbox\plugins\org.lamport.tlatools_1.0.0.202012311918\tla2sany\StandardModules\Sequences.tla
Parsing file C:\Program Files\toolbox\plugins\org.lamport.tlatools_1.0.0.202012311918\tla2sany\StandardModules\FiniteSets.tla
Semantic processing of module Naturals
Semantic processing of module Sequences
Semantic processing of module HanoiTower
Semantic processing of module FiniteSets
Semantic processing of module TLC
Semantic processing of module MC
@!@!@STARTMSG 2219:0 @!@!@
SANY finished.
@!@!@ENDMSG 2219 @!@!@
@!@!@STARTMSG 2185:0 @!@!@
Starting... (2021-02-03 17:50:15)
@!@!@ENDMSG 2185 @!@!@
@!@!@STARTMSG 2189:0 @!@!@
Computing initial states...
@!@!@ENDMSG 2189 @!@!@
@!@!@STARTMSG 2190:0 @!@!@
Finished computing initial states: 1 distinct state generated at 2021-02-03 17:50:16.
@!@!@ENDMSG 2190 @!@!@
@!@!@STARTMSG 2193:0 @!@!@
Model checking completed. No error has been found.
  Estimates of the probability that TLC did not check all reachable states
  because two distinct states had the same fingerprint:
  calculated (optimistic):  val = 5.2E-13
@!@!@ENDMSG 2193 @!@!@
@!@!@STARTMSG 2201:0 @!@!@
The coverage statistics at 2021-02-03 17:50:16
@!@!@ENDMSG 2201 @!@!@
@!@!@STARTMSG 2773:0 @!@!@
<Init line 8, col 1 to line 8, col 4 of module HanoiTower>: 1:1
@!@!@ENDMSG 2773 @!@!@
@!@!@STARTMSG 2221:0 @!@!@
  line 9, col 5 to line 11, col 21 of module HanoiTower: 1
@!@!@ENDMSG 2221 @!@!@
@!@!@STARTMSG 2772:0 @!@!@
<Next line 41, col 1 to line 41, col 4 of module HanoiTower (42 8 42 48)>: 372:1093
@!@!@ENDMSG 2772 @!@!@
@!@!@STARTMSG 2221:0 @!@!@
  line 34, col 8 to line 34, col 24 of module HanoiTower: 3280
@!@!@ENDMSG 2221 @!@!@
@!@!@STARTMSG 2221:0 @!@!@
  |line 34, col 8 to line 34, col 16 of module HanoiTower: 2187
@!@!@ENDMSG 2221 @!@!@
@!@!@STARTMSG 2221:0 @!@!@
  |line 34, col 21 to line 34, col 24 of module HanoiTower: 2187
@!@!@ENDMSG 2221 @!@!@
@!@!@STARTMSG 2221:0 @!@!@
  line 36, col 12 to line 36, col 25 of module HanoiTower: 2186
@!@!@ENDMSG 2221 @!@!@
@!@!@STARTMSG 2221:0 @!@!@
  |line 36, col 12 to line 36, col 18 of module HanoiTower: 2059
@!@!@ENDMSG 2221 @!@!@
@!@!@STARTMSG 2221:0 @!@!@
  |line 36, col 22 to line 36, col 25 of module HanoiTower: 2059
@!@!@ENDMSG 2221 @!@!@
@!@!@STARTMSG 2221:0 @!@!@
  line 37, col 12 to line 37, col 26 of module HanoiTower: 3025
@!@!@ENDMSG 2221 @!@!@
@!@!@STARTMSG 2221:0 @!@!@
  |line 37, col 12 to line 37, col 18 of module HanoiTower: 2059
@!@!@ENDMSG 2221 @!@!@
@!@!@STARTMSG 2221:0 @!@!@
  |line 37, col 23 to line 37, col 26 of module HanoiTower: 2059
@!@!@ENDMSG 2221 @!@!@
@!@!@STARTMSG 2221:0 @!@!@
  line 37, col 31 to line 37, col 61 of module HanoiTower: 966
@!@!@ENDMSG 2221 @!@!@
@!@!@STARTMSG 2221:0 @!@!@
  |line 37, col 31 to line 37, col 45 of module HanoiTower: 1932
@!@!@ENDMSG 2221 @!@!@
@!@!@STARTMSG 2221:0 @!@!@
  |line 37, col 49 to line 37, col 61 of module HanoiTower: 1932
@!@!@ENDMSG 2221 @!@!@
@!@!@STARTMSG 2221:0 @!@!@
  line 39, col 8 to line 39, col 35 of module HanoiTower: 1093
@!@!@ENDMSG 2221 @!@!@
@!@!@STARTMSG 2221:0 @!@!@
  line 42, col 14 to line 42, col 19 of module HanoiTower: 2187
@!@!@ENDMSG 2221 @!@!@
@!@!@STARTMSG 2221:0 @!@!@
  line 42, col 22 to line 42, col 27 of module HanoiTower: 2059
@!@!@ENDMSG 2221 @!@!@
@!@!@STARTMSG 2221:0 @!@!@
  line 42, col 33 to line 42, col 48 of module HanoiTower: 1093
@!@!@ENDMSG 2221 @!@!@
@!@!@STARTMSG 2772:0 @!@!@
<Next line 41, col 1 to line 41, col 4 of module HanoiTower (43 8 43 48)>: 363:1093
@!@!@ENDMSG 2772 @!@!@
@!@!@STARTMSG 2221:0 @!@!@
  line 34, col 8 to line 34, col 24 of module HanoiTower: 3280
@!@!@ENDMSG 2221 @!@!@
@!@!@STARTMSG 2221:0 @!@!@
  |line 34, col 8 to line 34, col 16 of module HanoiTower: 2187
@!@!@ENDMSG 2221 @!@!@
@!@!@STARTMSG 2221:0 @!@!@
  |line 34, col 21 to line 34, col 24 of module HanoiTower: 2187
@!@!@ENDMSG 2221 @!@!@
@!@!@STARTMSG 2221:0 @!@!@
  line 36, col 12 to line 36, col 25 of module HanoiTower: 2186
@!@!@ENDMSG 2221 @!@!@
@!@!@STARTMSG 2221:0 @!@!@
  |line 36, col 12 to line 36, col 18 of module HanoiTower: 2059
@!@!@ENDMSG 2221 @!@!@
@!@!@STARTMSG 2221:0 @!@!@
  |line 36, col 22 to line 36, col 25 of module HanoiTower: 2059
@!@!@ENDMSG 2221 @!@!@
@!@!@STARTMSG 2221:0 @!@!@
  line 37, col 12 to line 37, col 26 of module HanoiTower: 3025
@!@!@ENDMSG 2221 @!@!@
@!@!@STARTMSG 2221:0 @!@!@
  |line 37, col 12 to line 37, col 18 of module HanoiTower: 2059
@!@!@ENDMSG 2221 @!@!@
@!@!@STARTMSG 2221:0 @!@!@
  |line 37, col 23 to line 37, col 26 of module HanoiTower: 2059
@!@!@ENDMSG 2221 @!@!@
@!@!@STARTMSG 2221:0 @!@!@
  line 37, col 31 to line 37, col 61 of module HanoiTower: 966
@!@!@ENDMSG 2221 @!@!@
@!@!@STARTMSG 2221:0 @!@!@
  |line 37, col 31 to line 37, col 45 of module HanoiTower: 1932
@!@!@ENDMSG 2221 @!@!@
@!@!@STARTMSG 2221:0 @!@!@
  |line 37, col 49 to line 37, col 61 of module HanoiTower: 1932
@!@!@ENDMSG 2221 @!@!@
@!@!@STARTMSG 2221:0 @!@!@
  line 39, col 8 to line 39, col 35 of module HanoiTower: 1093
@!@!@ENDMSG 2221 @!@!@
@!@!@STARTMSG 2221:0 @!@!@
  line 43, col 14 to line 43, col 19 of module HanoiTower: 2187
@!@!@ENDMSG 2221 @!@!@
@!@!@STARTMSG 2221:0 @!@!@
  line 43, col 22 to line 43, col 27 of module HanoiTower: 2059
@!@!@ENDMSG 2221 @!@!@
@!@!@STARTMSG 2221:0 @!@!@
  line 43, col 33 to line 43, col 48 of module HanoiTower: 1093
@!@!@ENDMSG 2221 @!@!@
@!@!@STARTMSG 2772:0 @!@!@
<Next line 41, col 1 to line 41, col 4 of module HanoiTower (44 8 44 48)>: 378:1093
@!@!@ENDMSG 2772 @!@!@
@!@!@STARTMSG 2221:0 @!@!@
  line 34, col 8 to line 34, col 24 of module HanoiTower: 3280
@!@!@ENDMSG 2221 @!@!@
@!@!@STARTMSG 2221:0 @!@!@
  |line 34, col 8 to line 34, col 16 of module HanoiTower: 2187
@!@!@ENDMSG 2221 @!@!@
@!@!@STARTMSG 2221:0 @!@!@
  |line 34, col 21 to line 34, col 24 of module HanoiTower: 2187
@!@!@ENDMSG 2221 @!@!@
@!@!@STARTMSG 2221:0 @!@!@
  line 36, col 12 to line 36, col 25 of module HanoiTower: 2186
@!@!@ENDMSG 2221 @!@!@
@!@!@STARTMSG 2221:0 @!@!@
  |line 36, col 12 to line 36, col 18 of module HanoiTower: 2059
@!@!@ENDMSG 2221 @!@!@
@!@!@STARTMSG 2221:0 @!@!@
  |line 36, col 22 to line 36, col 25 of module HanoiTower: 2059
@!@!@ENDMSG 2221 @!@!@
@!@!@STARTMSG 2221:0 @!@!@
  line 37, col 12 to line 37, col 26 of module HanoiTower: 3025
@!@!@ENDMSG 2221 @!@!@
@!@!@STARTMSG 2221:0 @!@!@
  |line 37, col 12 to line 37, col 18 of module HanoiTower: 2059
@!@!@ENDMSG 2221 @!@!@
@!@!@STARTMSG 2221:0 @!@!@
  |line 37, col 23 to line 37, col 26 of module HanoiTower: 2059
@!@!@ENDMSG 2221 @!@!@
@!@!@STARTMSG 2221:0 @!@!@
  line 37, col 31 to line 37, col 61 of module HanoiTower: 966
@!@!@ENDMSG 2221 @!@!@
@!@!@STARTMSG 2221:0 @!@!@
  |line 37, col 31 to line 37, col 45 of module HanoiTower: 1932
@!@!@ENDMSG 2221 @!@!@
@!@!@STARTMSG 2221:0 @!@!@
  |line 37, col 49 to line 37, col 61 of module HanoiTower: 1932
@!@!@ENDMSG 2221 @!@!@
@!@!@STARTMSG 2221:0 @!@!@
  line 39, col 8 to line 39, col 35 of module HanoiTower: 1093
@!@!@ENDMSG 2221 @!@!@
@!@!@STARTMSG 2221:0 @!@!@
  line 44, col 14 to line 44, col 19 of module HanoiTower: 2187
@!@!@ENDMSG 2221 @!@!@
@!@!@STARTMSG 2221:0 @!@!@
  line 44, col 22 to line 44, col 27 of module HanoiTower: 2059
@!@!@ENDMSG 2221 @!@!@
@!@!@STARTMSG 2221:0 @!@!@
  line 44, col 33 to line 44, col 48 of module HanoiTower: 1093
@!@!@ENDMSG 2221 @!@!@
@!@!@STARTMSG 2772:0 @!@!@
<Next line 41, col 1 to line 41, col 4 of module HanoiTower (45 8 45 48)>: 356:1093
@!@!@ENDMSG 2772 @!@!@
@!@!@STARTMSG 2221:0 @!@!@
  line 34, col 8 to line 34, col 24 of module HanoiTower: 3280
@!@!@ENDMSG 2221 @!@!@
@!@!@STARTMSG 2221:0 @!@!@
  |line 34, col 8 to line 34, col 16 of module HanoiTower: 2187
@!@!@ENDMSG 2221 @!@!@
@!@!@STARTMSG 2221:0 @!@!@
  |line 34, col 21 to line 34, col 24 of module HanoiTower: 2187
@!@!@ENDMSG 2221 @!@!@
@!@!@STARTMSG 2221:0 @!@!@
  line 36, col 12 to line 36, col 25 of module HanoiTower: 2186
@!@!@ENDMSG 2221 @!@!@
@!@!@STARTMSG 2221:0 @!@!@
  |line 36, col 12 to line 36, col 18 of module HanoiTower: 2059
@!@!@ENDMSG 2221 @!@!@
@!@!@STARTMSG 2221:0 @!@!@
  |line 36, col 22 to line 36, col 25 of module HanoiTower: 2059
@!@!@ENDMSG 2221 @!@!@
@!@!@STARTMSG 2221:0 @!@!@
  line 37, col 12 to line 37, col 26 of module HanoiTower: 3025
@!@!@ENDMSG 2221 @!@!@
@!@!@STARTMSG 2221:0 @!@!@
  |line 37, col 12 to line 37, col 18 of module HanoiTower: 2059
@!@!@ENDMSG 2221 @!@!@
@!@!@STARTMSG 2221:0 @!@!@
  |line 37, col 23 to line 37, col 26 of module HanoiTower: 2059
@!@!@ENDMSG 2221 @!@!@
@!@!@STARTMSG 2221:0 @!@!@
  line 37, col 31 to line 37, col 61 of module HanoiTower: 966
@!@!@ENDMSG 2221 @!@!@
@!@!@STARTMSG 2221:0 @!@!@
  |line 37, col 31 to line 37, col 45 of module HanoiTower: 1932
@!@!@ENDMSG 2221 @!@!@
@!@!@STARTMSG 2221:0 @!@!@
  |line 37, col 49 to line 37, col 61 of module HanoiTower: 1932
@!@!@ENDMSG 2221 @!@!@
@!@!@STARTMSG 2221:0 @!@!@
  line 39, col 8 to line 39, col 35 of module HanoiTower: 1093
@!@!@ENDMSG 2221 @!@!@
@!@!@STARTMSG 2221:0 @!@!@
  line 45, col 14 to line 45, col 19 of module HanoiTower: 2187
@!@!@ENDMSG 2221 @!@!@
@!@!@STARTMSG 2221:0 @!@!@
  line 45, col 22 to line 45, col 27 of module HanoiTower: 2059
@!@!@ENDMSG 2221 @!@!@
@!@!@STARTMSG 2221:0 @!@!@
  line 45, col 33 to line 45, col 48 of module HanoiTower: 1093
@!@!@ENDMSG 2221 @!@!@
@!@!@STARTMSG 2772:0 @!@!@
<Next line 41, col 1 to line 41, col 4 of module HanoiTower (46 8 46 48)>: 361:1093
@!@!@ENDMSG 2772 @!@!@
@!@!@STARTMSG 2221:0 @!@!@
  line 34, col 8 to line 34, col 24 of module HanoiTower: 3280
@!@!@ENDMSG 2221 @!@!@
@!@!@STARTMSG 2221:0 @!@!@
  |line 34, col 8 to line 34, col 16 of module HanoiTower: 2187
@!@!@ENDMSG 2221 @!@!@
@!@!@STARTMSG 2221:0 @!@!@
  |line 34, col 21 to line 34, col 24 of module HanoiTower: 2187
@!@!@ENDMSG 2221 @!@!@
@!@!@STARTMSG 2221:0 @!@!@
  line 36, col 12 to line 36, col 25 of module HanoiTower: 2186
@!@!@ENDMSG 2221 @!@!@
@!@!@STARTMSG 2221:0 @!@!@
  |line 36, col 12 to line 36, col 18 of module HanoiTower: 2059
@!@!@ENDMSG 2221 @!@!@
@!@!@STARTMSG 2221:0 @!@!@
  |line 36, col 22 to line 36, col 25 of module HanoiTower: 2059
@!@!@ENDMSG 2221 @!@!@
@!@!@STARTMSG 2221:0 @!@!@
  line 37, col 12 to line 37, col 26 of module HanoiTower: 3025
@!@!@ENDMSG 2221 @!@!@
@!@!@STARTMSG 2221:0 @!@!@
  |line 37, col 12 to line 37, col 18 of module HanoiTower: 2059
@!@!@ENDMSG 2221 @!@!@
@!@!@STARTMSG 2221:0 @!@!@
  |line 37, col 23 to line 37, col 26 of module HanoiTower: 2059
@!@!@ENDMSG 2221 @!@!@
@!@!@STARTMSG 2221:0 @!@!@
  line 37, col 31 to line 37, col 61 of module HanoiTower: 966
@!@!@ENDMSG 2221 @!@!@
@!@!@STARTMSG 2221:0 @!@!@
  |line 37, col 31 to line 37, col 45 of module HanoiTower: 1932
@!@!@ENDMSG 2221 @!@!@
@!@!@STARTMSG 2221:0 @!@!@
  |line 37, col 49 to line 37, col 61 of module HanoiTower: 1932
@!@!@ENDMSG 2221 @!@!@
@!@!@STARTMSG 2221:0 @!@!@
  line 39, col 8 to line 39, col 35 of module HanoiTower: 1093
@!@!@ENDMSG 2221 @!@!@
@!@!@STARTMSG 2221:0 @!@!@
  line 46, col 14 to line 46, col 19 of module HanoiTower: 2187
@!@!@ENDMSG 2221 @!@!@
@!@!@STARTMSG 2221:0 @!@!@
  line 46, col 22 to line 46, col 27 of module HanoiTower: 2059
@!@!@ENDMSG 2221 @!@!@
@!@!@STARTMSG 2221:0 @!@!@
  line 46, col 33 to line 46, col 48 of module HanoiTower: 1093
@!@!@ENDMSG 2221 @!@!@
@!@!@STARTMSG 2772:0 @!@!@
<Next line 41, col 1 to line 41, col 4 of module HanoiTower (47 8 47 48)>: 356:1093
@!@!@ENDMSG 2772 @!@!@
@!@!@STARTMSG 2221:0 @!@!@
  line 34, col 8 to line 34, col 24 of module HanoiTower: 3280
@!@!@ENDMSG 2221 @!@!@
@!@!@STARTMSG 2221:0 @!@!@
  |line 34, col 8 to line 34, col 16 of module HanoiTower: 2187
@!@!@ENDMSG 2221 @!@!@
@!@!@STARTMSG 2221:0 @!@!@
  |line 34, col 21 to line 34, col 24 of module HanoiTower: 2187
@!@!@ENDMSG 2221 @!@!@
@!@!@STARTMSG 2221:0 @!@!@
  line 36, col 12 to line 36, col 25 of module HanoiTower: 2186
@!@!@ENDMSG 2221 @!@!@
@!@!@STARTMSG 2221:0 @!@!@
  |line 36, col 12 to line 36, col 18 of module HanoiTower: 2059
@!@!@ENDMSG 2221 @!@!@
@!@!@STARTMSG 2221:0 @!@!@
  |line 36, col 22 to line 36, col 25 of module HanoiTower: 2059
@!@!@ENDMSG 2221 @!@!@
@!@!@STARTMSG 2221:0 @!@!@
  line 37, col 12 to line 37, col 26 of module HanoiTower: 3025
@!@!@ENDMSG 2221 @!@!@
@!@!@STARTMSG 2221:0 @!@!@
  |line 37, col 12 to line 37, col 18 of module HanoiTower: 2059
@!@!@ENDMSG 2221 @!@!@
@!@!@STARTMSG 2221:0 @!@!@
  |line 37, col 23 to line 37, col 26 of module HanoiTower: 2059
@!@!@ENDMSG 2221 @!@!@
@!@!@STARTMSG 2221:0 @!@!@
  line 37, col 31 to line 37, col 61 of module HanoiTower: 966
@!@!@ENDMSG 2221 @!@!@
@!@!@STARTMSG 2221:0 @!@!@
  |line 37, col 31 to line 37, col 45 of module HanoiTower: 1932
@!@!@ENDMSG 2221 @!@!@
@!@!@STARTMSG 2221:0 @!@!@
  |line 37, col 49 to line 37, col 61 of module HanoiTower: 1932
@!@!@ENDMSG 2221 @!@!@
@!@!@STARTMSG 2221:0 @!@!@
  line 39, col 8 to line 39, col 35 of module HanoiTower: 1093
@!@!@ENDMSG 2221 @!@!@
@!@!@STARTMSG 2221:0 @!@!@
  line 47, col 14 to line 47, col 19 of module HanoiTower: 2187
@!@!@ENDMSG 2221 @!@!@
@!@!@STARTMSG 2221:0 @!@!@
  line 47, col 22 to line 47, col 27 of module HanoiTower: 2059
@!@!@ENDMSG 2221 @!@!@
@!@!@STARTMSG 2221:0 @!@!@
  line 47, col 33 to line 47, col 48 of module HanoiTower: 1093
@!@!@ENDMSG 2221 @!@!@
@!@!@STARTMSG 2202:0 @!@!@
End of statistics.
@!@!@ENDMSG 2202 @!@!@
@!@!@STARTMSG 2200:0 @!@!@
Progress(135) at 2021-02-03 17:50:16: 6,559 states generated (375,873 s/min), 2,187 distinct states found (125,329 ds/min), 0 states left on queue.
@!@!@ENDMSG 2200 @!@!@
@!@!@STARTMSG 2199:0 @!@!@
6559 states generated, 2187 distinct states found, 0 states left on queue.
@!@!@ENDMSG 2199 @!@!@
@!@!@STARTMSG 2194:0 @!@!@
The depth of the complete state graph search is 135.
@!@!@ENDMSG 2194 @!@!@
@!@!@STARTMSG 2268:0 @!@!@
The average outdegree of the complete state graph is 1 (minimum is 0, the maximum 2 and the 95th percentile is 2).
@!@!@ENDMSG 2268 @!@!@
@!@!@STARTMSG 2186:0 @!@!@
Finished in 1062ms at (2021-02-03 17:50:16)
@!@!@ENDMSG 2186 @!@!@
